<?xml version="1.0" encoding="UTF-8"?>
<!-- Generated by org.testng.reporters.JUnitXMLReporter -->
<testsuite hostname="WIN-7SKNF5T0O2J" ignored="0" name="Test_chrome" tests="1" failures="0" timestamp="2020-05-01T02:05:17 EDT" time="5.887" errors="0">
  <testcase name="@BeforeMethod OpenApp" time="5.855" classname="generic.Generic_test">
    <failure type="org.openqa.selenium.SessionNotCreatedException" message="session not created: This version of ChromeDriver only supports Chrome version 79
Build info: version: &amp;apos;3.141.59&amp;apos;, revision: &amp;apos;e82be7d358&amp;apos;, time: &amp;apos;2018-11-14T08:17:03&amp;apos;
System info: host: &amp;apos;IDEA-PC&amp;apos;, ip: &amp;apos;192.168.43.173&amp;apos;, os.name: &amp;apos;Windows 8&amp;apos;, os.arch: &amp;apos;x86&amp;apos;, os.version: &amp;apos;6.2&amp;apos;, java.version: &amp;apos;1.8.0_181&amp;apos;
Driver info: driver.version: ChromeDriver
remote stacktrace: Backtrace:
	Ordinal0 [0x013FA113+1548563]
	Ordinal0 [0x0137DDA1+1039777]
	Ordinal0 [0x012FE485+517253]
	Ordinal0 [0x0128FD34+64820]
	Ordinal0 [0x0128C61E+50718]
	Ordinal0 [0x012AB797+178071]
	Ordinal0 [0x012AB59D+177565]
	Ordinal0 [0x012A95FB+169467]
	Ordinal0 [0x0129160A+71178]
	Ordinal0 [0x01292690+75408]
	Ordinal0 [0x01292629+75305]
	Ordinal0 [0x013971B7+1143223]
	GetHandleVerifier [0x01492B46+507814]
	GetHandleVerifier [0x01492864+507076]
	GetHandleVerifier [0x01499F47+537511]
	GetHandleVerifier [0x01493402+510050]
	Ordinal0 [0x0138F29C+1110684]
	Ordinal0 [0x0139938B+1151883]
	Ordinal0 [0x013994F3+1152243]
	Ordinal0 [0x013983F5+1147893]
	BaseThreadInitThunk [0x74E58543+14]
	RtlInitializeExceptionChain [0x777BAC69+133]
	RtlInitializeExceptionChain [0x777BAC3C+88]
">
      <![CDATA[org.openqa.selenium.SessionNotCreatedException: session not created: This version of ChromeDriver only supports Chrome version 79
Build info: version: '3.141.59', revision: 'e82be7d358', time: '2018-11-14T08:17:03'
System info: host: 'IDEA-PC', ip: '192.168.43.173', os.name: 'Windows 8', os.arch: 'x86', os.version: '6.2', java.version: '1.8.0_181'
Driver info: driver.version: ChromeDriver
remote stacktrace: Backtrace:
Ordinal0 [0x013FA113+1548563]
Ordinal0 [0x0137DDA1+1039777]
Ordinal0 [0x012FE485+517253]
Ordinal0 [0x0128FD34+64820]
Ordinal0 [0x0128C61E+50718]
Ordinal0 [0x012AB797+178071]
Ordinal0 [0x012AB59D+177565]
Ordinal0 [0x012A95FB+169467]
Ordinal0 [0x0129160A+71178]
Ordinal0 [0x01292690+75408]
Ordinal0 [0x01292629+75305]
Ordinal0 [0x013971B7+1143223]
GetHandleVerifier [0x01492B46+507814]
GetHandleVerifier [0x01492864+507076]
GetHandleVerifier [0x01499F47+537511]
GetHandleVerifier [0x01493402+510050]
Ordinal0 [0x0138F29C+1110684]
Ordinal0 [0x0139938B+1151883]
Ordinal0 [0x013994F3+1152243]
Ordinal0 [0x013983F5+1147893]
BaseThreadInitThunk [0x74E58543+14]
RtlInitializeExceptionChain [0x777BAC69+133]
RtlInitializeExceptionChain [0x777BAC3C+88]

at org.openqa.selenium.remote.W3CHandshakeResponse.lambda$errorHandler$0(W3CHandshakeResponse.java:62)
at org.openqa.selenium.remote.HandshakeResponse.lambda$getResponseFunction$0(HandshakeResponse.java:30)
at org.openqa.selenium.remote.ProtocolHandshake.lambda$createSession$0(ProtocolHandshake.java:126)
at java.util.stream.ReferencePipeline$3$1.accept(ReferencePipeline.java:193)
at java.util.Spliterators$ArraySpliterator.tryAdvance(Spliterators.java:958)
at java.util.stream.ReferencePipeline.forEachWithCancel(ReferencePipeline.java:126)
at java.util.stream.AbstractPipeline.copyIntoWithCancel(AbstractPipeline.java:498)
at java.util.stream.AbstractPipeline.copyInto(AbstractPipeline.java:485)
at java.util.stream.AbstractPipeline.wrapAndCopyInto(AbstractPipeline.java:471)
at java.util.stream.FindOps$FindOp.evaluateSequential(FindOps.java:152)
at java.util.stream.AbstractPipeline.evaluate(AbstractPipeline.java:234)
at java.util.stream.ReferencePipeline.findFirst(ReferencePipeline.java:464)
at org.openqa.selenium.remote.ProtocolHandshake.createSession(ProtocolHandshake.java:128)
at org.openqa.selenium.remote.ProtocolHandshake.createSession(ProtocolHandshake.java:74)
at org.openqa.selenium.remote.HttpCommandExecutor.execute(HttpCommandExecutor.java:136)
at org.openqa.selenium.remote.service.DriverCommandExecutor.execute(DriverCommandExecutor.java:83)
at org.openqa.selenium.remote.RemoteWebDriver.execute(RemoteWebDriver.java:552)
at org.openqa.selenium.remote.RemoteWebDriver.startSession(RemoteWebDriver.java:213)
at org.openqa.selenium.remote.RemoteWebDriver.<init>(RemoteWebDriver.java:131)
at org.openqa.selenium.chrome.ChromeDriver.<init>(ChromeDriver.java:181)
at org.openqa.selenium.chrome.ChromeDriver.<init>(ChromeDriver.java:168)
at org.openqa.selenium.chrome.ChromeDriver.<init>(ChromeDriver.java:123)
at generic.Browser_factory.getBrowser(Browser_factory.java:19)
at generic.Generic_test.OpenApp(Generic_test.java:43)
at java.util.ArrayList.forEach(ArrayList.java:1257)
at java.util.concurrent.FutureTask.run(FutureTask.java:266)
at java.util.concurrent.ThreadPoolExecutor.runWorker(ThreadPoolExecutor.java:1149)
at java.util.concurrent.ThreadPoolExecutor$Worker.run(ThreadPoolExecutor.java:624)
at java.lang.Thread.run(Thread.java:748)
... Removed 26 stack frames]]>
    </failure>
  </testcase> <!-- @BeforeMethod OpenApp -->
  <testcase name="@AfterMethod closeApp" time="-1.58831311756E9" classname="generic.Generic_test">
    <skipped/>
  </testcase> <!-- @AfterMethod closeApp -->
  <testcase name="login" time="0.0" classname="regression.Fpk_login_gen">
    <skipped/>
  </testcase> <!-- login -->
</testsuite> <!-- Test_chrome -->
